0 info it worked if it ends with ok
1 verbose cli [ 'node', '/usr/local/bin/npm', 'install', '-g', 'jshint' ]
2 info using npm@1.2.32
3 info using node@v0.10.12
4 verbose read json /usr/local/lib/package.json
5 verbose read json /usr/local/lib/package.json
6 verbose cache add [ 'jshint', null ]
7 verbose cache add name=undefined spec="jshint" args=["jshint",null]
8 verbose parsed url { protocol: null,
8 verbose parsed url   slashes: null,
8 verbose parsed url   auth: null,
8 verbose parsed url   host: null,
8 verbose parsed url   port: null,
8 verbose parsed url   hostname: null,
8 verbose parsed url   hash: null,
8 verbose parsed url   search: null,
8 verbose parsed url   query: null,
8 verbose parsed url   pathname: 'jshint',
8 verbose parsed url   path: 'jshint',
8 verbose parsed url   href: 'jshint' }
9 silly lockFile da5c03cb-jshint jshint
10 verbose lock jshint /Users/milo/.npm/da5c03cb-jshint.lock
11 silly lockFile da5c03cb-jshint jshint
12 silly lockFile da5c03cb-jshint jshint
13 verbose addNamed [ 'jshint', '' ]
14 verbose addNamed [ null, '' ]
15 silly lockFile a02a2468-jshint jshint@
16 verbose lock jshint@ /Users/milo/.npm/a02a2468-jshint.lock
17 silly addNameRange { name: 'jshint', range: '', hasData: false }
18 verbose url raw jshint
19 verbose url resolving [ 'https://registry.npmjs.org/', './jshint' ]
20 verbose url resolved https://registry.npmjs.org/jshint
21 info trying registry request attempt 1 at 18:54:27
22 verbose etag "QV7SEN9DBA02OPY29AL1MSBN"
23 http GET https://registry.npmjs.org/jshint
24 http 304 https://registry.npmjs.org/jshint
25 silly registry.get cb [ 304,
25 silly registry.get   { server: 'CouchDB/1.3.0 (Erlang OTP/R15B03)',
25 silly registry.get     etag: '"QV7SEN9DBA02OPY29AL1MSBN"',
25 silly registry.get     date: 'Tue, 09 Jul 2013 16:54:28 GMT',
25 silly registry.get     'content-length': '0' } ]
26 verbose etag jshint from cache
27 silly addNameRange number 2 { name: 'jshint', range: '', hasData: true }
28 silly addNameRange versions [ 'jshint',
28 silly addNameRange   [ '0.1.8',
28 silly addNameRange     '0.1.9',
28 silly addNameRange     '0.2.0',
28 silly addNameRange     '0.2.1',
28 silly addNameRange     '0.2.2',
28 silly addNameRange     '0.2.3',
28 silly addNameRange     '0.3.0',
28 silly addNameRange     '0.3.1',
28 silly addNameRange     '0.4.0',
28 silly addNameRange     '0.5.0',
28 silly addNameRange     '0.5.1',
28 silly addNameRange     '0.5.2',
28 silly addNameRange     '0.5.3',
28 silly addNameRange     '0.5.4',
28 silly addNameRange     '0.5.5',
28 silly addNameRange     '0.5.6',
28 silly addNameRange     '0.5.7',
28 silly addNameRange     '0.5.8',
28 silly addNameRange     '0.5.9',
28 silly addNameRange     '0.6.0',
28 silly addNameRange     '0.6.1',
28 silly addNameRange     '0.6.2',
28 silly addNameRange     '0.6.3',
28 silly addNameRange     '0.7.0',
28 silly addNameRange     '0.7.1',
28 silly addNameRange     '0.7.2',
28 silly addNameRange     '0.7.3',
28 silly addNameRange     '0.8.0',
28 silly addNameRange     '0.8.1',
28 silly addNameRange     '0.8.2',
28 silly addNameRange     '0.9.0',
28 silly addNameRange     '0.9.1',
28 silly addNameRange     '1.0.0',
28 silly addNameRange     '1.1.0',
28 silly addNameRange     '2.0.0',
28 silly addNameRange     '2.0.1',
28 silly addNameRange     '2.1.0',
28 silly addNameRange     '2.1.1',
28 silly addNameRange     '2.1.2',
28 silly addNameRange     '2.1.3',
28 silly addNameRange     '2.1.4' ] ]
29 verbose addNamed [ 'jshint', '2.1.4' ]
30 verbose addNamed [ '2.1.4', '2.1.4' ]
31 silly lockFile 0f4cd910-jshint-2-1-4 jshint@2.1.4
32 verbose lock jshint@2.1.4 /Users/milo/.npm/0f4cd910-jshint-2-1-4.lock
33 verbose read json /Users/milo/.npm/jshint/2.1.4/package/package.json
34 silly lockFile 0f4cd910-jshint-2-1-4 jshint@2.1.4
35 silly lockFile 0f4cd910-jshint-2-1-4 jshint@2.1.4
36 silly lockFile a02a2468-jshint jshint@
37 silly lockFile a02a2468-jshint jshint@
38 silly resolved [ { name: 'jshint',
38 silly resolved     version: '2.1.4',
38 silly resolved     homepage: 'http://jshint.com/',
38 silly resolved     description: 'Static analysis tool for JavaScript',
38 silly resolved     author:
38 silly resolved      { name: 'Anton Kovalyov',
38 silly resolved        email: 'anton@kovalyov.net',
38 silly resolved        url: 'http://anton.kovalyov.net/' },
38 silly resolved     repository: { type: 'git', url: 'https://github.com/jshint/jshint.git' },
38 silly resolved     bugs: { url: 'https://github.com/jshint/jshint/issues' },
38 silly resolved     bin: { jshint: './bin/jshint' },
38 silly resolved     scripts:
38 silly resolved      { build: 'node ./make.js build',
38 silly resolved        test: 'node ./make.js test',
38 silly resolved        lint: 'node ./make.js lint' },
38 silly resolved     main: './src/stable/jshint.js',
38 silly resolved     dependencies:
38 silly resolved      { shelljs: '0.1.x',
38 silly resolved        underscore: '1.4.x',
38 silly resolved        cli: '0.4.x',
38 silly resolved        minimatch: '0.x.x',
38 silly resolved        'console-browserify': '0.1.x' },
38 silly resolved     devDependencies:
38 silly resolved      { jshint: '2.1.x',
38 silly resolved        shelljs: '0.1.x',
38 silly resolved        browserify: '2.12.x',
38 silly resolved        coveraje: '0.2.x',
38 silly resolved        nodeunit: '0.8.x',
38 silly resolved        sinon: '1.7.x' },
38 silly resolved     licenses: [ [Object] ],
38 silly resolved     preferGlobal: true,
38 silly resolved     readme: 'JSHint, A Static Code Analysis Tool for JavaScript\n==================================================\n[![Build Status](https://travis-ci.org/jshint/jshint.png?branch=master)](https://travis-ci.org/jshint/jshint)\n[![NPM version](https://badge.fury.io/js/jshint.png)](http://badge.fury.io/js/jshint)\n\nJSHint is a community-driven tool to detect errors and potential problems in\nJavaScript code and to enforce your team\'s coding conventions. We made JSHint\nvery flexible so you can easily adjust it to your particular coding guidelines\nand the environment you expect your code to execute in.\n\nOur goal is to help JavaScript developers write complex programs without\nworrying about typos and language gotchas.\n\nWe believe that static code analysis programs—as well as other code quality\ntools—are important and beneficial to the JavaScript community and, thus,\nshould not alienate their users.\n\nFor general usage and hacking information, visit our website:\n[http://jshint.com/](http://jshint.com/).\n\nBug Bounties\n--------------------------------\n\nSome bugs are so important to us, we will pay you if you fix them! Go to\n[our page on BountySource](https://www.bountysource.com/#trackers/48759-jshint)\nto see which bugs have bounties behind them.\n\nReally want to have something fixed but don\'t have time? You can add your\nown bounty to any JSHint bug and make it more attractive for potential\ncontributors!\n\n**Rule:** A bug is considered fixed only after it has been merged into the\nmaster branch of the main JSHint repository.\n\nReporting a bug\n---------------\n\nTo report a bug simply create a\n[new GitHub Issue](https://github.com/jshint/jshint/issues/new) and describe\nyour problem or suggestion. We welcome all kind of feedback regarding\nJSHint including but not limited to:\n\n * When JSHint doesn\'t work as expected\n * When JSHint complains about valid JavaScript code that works in all browsers\n * When you simply want a new option or feature\n\nBefore reporting a bug look around to see if there are any open or closed tickets\nthat cover your issue. And remember the wisdom: pull request > bug report > tweet.\n\n\nFAQ\n---\n\n#### How do I turn off "mixed tabs and spaces" warning?\n\nIf you\'re using so-called [smart tabs](http://www.emacswiki.org/SmartTabs)\nthen we have an option `smarttabs` for you. Otherwise, your solution is to\nrun JSHint with a custom reporter that discards any warnings you don\'t like.\nFor example, this [example reporter](https://gist.github.com/3885619)\ndiscards all warnings about mixed tabs and spaces.\n\nContributing\n------------\n\nLook for a file named `CONTRIBUTING.md` in this repository. It contains our\ncontributing guidelines. We also have\n[a mailing list](http://groups.google.com/group/jshint/).\n\nLicense\n-------\n\nJSHint is distributed under the MIT License. One file and one file only\n(src/stable/jshint.js) is distributed under the slightly modified MIT License.\n\nAttribution\n-----------\n\nCore Team members:\n\n * [Anton Kovalyov](http://anton.kovalyov.net/) ([@valueof](http://twitter.com/valueof))\n * [Wolfgang Kluge](http://klugesoftware.de/) ([blog](http://gehirnwindung.de/))\n * [Josh Perez](http://www.goatslacker.com/) ([@goatslacker](http://twitter.com/goatslacker))\n * [Brent Lintner](http://brentlintner.heroku.com/) ([@brentlintner](http://twitter.com/brentlintner))\n * [Bernard Pratz](http://i.got.nothing.to/blog/) ([@guyzmo](https://twitter.com/guyzmo))\n\nMaintainer: Anton Kovalyov\n\nThank you!\n----------\n\nWe really appreciate all kind of feedback and contributions. Thanks for using and supporting JSHint!\n',
38 silly resolved     readmeFilename: 'README.md',
38 silly resolved     _id: 'jshint@2.1.4',
38 silly resolved     _from: 'jshint@' } ]
39 info install jshint@2.1.4 into /usr/local/lib
40 info installOne jshint@2.1.4
41 verbose from cache /Users/milo/.npm/jshint/2.1.4/package/package.json
42 info /usr/local/lib/node_modules/jshint unbuild
43 verbose read json /usr/local/lib/node_modules/jshint/package.json
44 verbose tar unpack /Users/milo/.npm/jshint/2.1.4/package.tgz
45 silly lockFile 59dfcd45-sr-local-lib-node-modules-jshint tar:///usr/local/lib/node_modules/jshint
46 verbose lock tar:///usr/local/lib/node_modules/jshint /Users/milo/.npm/59dfcd45-sr-local-lib-node-modules-jshint.lock
47 silly lockFile 4113f813-ilo-npm-jshint-2-1-4-package-tgz tar:///Users/milo/.npm/jshint/2.1.4/package.tgz
48 verbose lock tar:///Users/milo/.npm/jshint/2.1.4/package.tgz /Users/milo/.npm/4113f813-ilo-npm-jshint-2-1-4-package-tgz.lock
49 silly gunzTarPerm modes [ '755', '644' ]
50 error Error: EACCES, mkdir '/usr/local/lib/node_modules/jshint'
50 error  { [Error: EACCES, mkdir '/usr/local/lib/node_modules/jshint']
50 error   errno: 3,
50 error   code: 'EACCES',
50 error   path: '/usr/local/lib/node_modules/jshint',
50 error   fstream_type: 'Directory',
50 error   fstream_path: '/usr/local/lib/node_modules/jshint',
50 error   fstream_class: 'DirWriter',
50 error   fstream_stack:
50 error    [ '/usr/local/lib/node_modules/npm/node_modules/fstream/lib/dir-writer.js:36:23',
50 error      '/usr/local/lib/node_modules/npm/node_modules/mkdirp/index.js:37:53',
50 error      'Object.oncomplete (fs.js:107:15)' ] }
51 error Please try running this command again as root/Administrator.
52 error System Darwin 12.4.0
53 error command "node" "/usr/local/bin/npm" "install" "-g" "jshint"
54 error cwd /Users/milo/Documents/Learning/Coursera/startup/bitstarter
55 error node -v v0.10.12
56 error npm -v 1.2.32
57 error path /usr/local/lib/node_modules/jshint
58 error fstream_path /usr/local/lib/node_modules/jshint
59 error fstream_type Directory
60 error fstream_class DirWriter
61 error code EACCES
62 error errno 3
63 error stack Error: EACCES, mkdir '/usr/local/lib/node_modules/jshint'
64 error fstream_stack /usr/local/lib/node_modules/npm/node_modules/fstream/lib/dir-writer.js:36:23
64 error fstream_stack /usr/local/lib/node_modules/npm/node_modules/mkdirp/index.js:37:53
64 error fstream_stack Object.oncomplete (fs.js:107:15)
65 verbose exit [ 3, true ]
